
> manager@0.1.0 build
> next build

node.exe : ΓÜá Warning: Next.js 
inferred your workspace root, but it 
may not be correct.
At line:1 char:1
+ & "C:\Program Files\nodejs/node.exe" 
"C:\Program Files\nodejs/node_mo ...
+ ~~~~~~~~~~~~~~~~~~~~~~~~~~~~~~~~~~~~~
~~~~~~~~~~~~~~~~~~~~~~~~~~~~~~~~
    + CategoryInfo          : NotSpeci 
   fied: (ΓÜá Warning: Ne...not be co  
  rrect.:String) [], RemoteException
    + FullyQualifiedErrorId : NativeCo 
   mmandError
 
 We detected multiple lockfiles and 
selected the directory of 
C:\Users\Dhivakaran\package-lock.json 
as the root directory.
 To silence this warning, set 
`turbopack.root` in your Next.js 
config, or consider removing one of 
the lockfiles if it's not needed.
   See https://nextjs.org/docs/app/api-
reference/config/next-config-js/turbopa
ck#root-directory for more information.
 Detected additional lockfiles: 
   * C:\Users\Dhivakaran\Desktop\CORE\N
OBLE-OS\package-lock.json

Γû▓ Next.js 16.1.6 (Turbopack)

  Creating an optimized production build ...
Γ£ô Compiled successfully in 27.5s
  Running TypeScript ...
Failed to compile.

./src/lib/jarvis-agent.ts:461:9
Type error: Property 'reason' is 
missing in type '{ isActive: false; 
features: { autoCheckIn: false; 
autoBilling: false; autoNotifications: 
false; }; }' but required in type 
'AutoModeStatus'.

[0m [90m 459 |[39m         }
 [90m 460 |[39m
[31m[1m>[22m[39m[90m 461 |[39m   
      [36mreturn[39m {
 [90m     |[39m         
[31m[1m^[22m[39m
 [90m 462 |[39m             
isActive[33m:[39m 
[36mfalse[39m[33m,[39m
 [90m 463 |[39m             
features[33m:[39m {
 [90m 464 |[39m                 
autoCheckIn[33m:[39m 
[36mfalse[39m[33m,[39m[0m
Next.js build worker exited with code: 
1 and signal: null
