
> manager@0.1.0 build
> next build

node.exe : ΓÜá 
Warning: Next.js 
inferred your 
workspace root, but 
it may not be correct.
At line:1 char:1
+ & "C:\Program Files\
nodejs/node.exe" 
"C:\Program 
Files\nodejs/node_mo 
...
+ ~~~~~~~~~~~~~~~~~~~~
~~~~~~~~~~~~~~~~~~~~~~
~~~~~~~~~~~~~~~~~~~~~~
~~~~~
    + CategoryInfo    
          : NotSpeci  
  fied: (ΓÜá Warnin   
 g: Ne...not be co    
rrect.:String) []    
, RemoteException
    + FullyQualifiedE 
   rrorId : NativeCo  
  mmandError
 
 We detected multiple 
lockfiles and 
selected the 
directory of C:\Users\
Dhivakaran\package-loc
k.json as the root 
directory.
 To silence this 
warning, set 
`turbopack.root` in 
your Next.js config, 
or consider removing 
one of the lockfiles 
if it's not needed.
   See https://nextjs.
org/docs/app/api-refer
ence/config/next-confi
g-js/turbopack#root-di
rectory for more 
information.
 Detected additional 
lockfiles: 
   * C:\Users\Dhivakar
an\Desktop\CORE\NOBLE-
OS\package-lock.json

Γû▓ Next.js 16.1.6 (Turbopack)

  Creating an optimized production build ...
Γ£ô Compiled successfully in 23.6s
  Running TypeScript ...
Failed to compile.

./src/components/clini
cal/case-sheet-rendere
r.tsx:96:27
Type error: Type 
'boolean' is not 
assignable to type 
'string'.

[0m [90m 94 |[39m  
           [36mdefaul
t[39m[33m:[39m
 [90m 95 |[39m      
           
[36mreturn[39m (
[31m[1m>[22m[39m[
90m 96 |[39m         
            [33m<[39
m[33mCard[39m classN
ame[33m=[39m[37m[4
1m[1m\[22m[49m[39m
[32m"p-6\">[39m
 [90m    |[39m      
                     
[31m[1m^[22m[39m
 [90m 97 |[39m      
                   
[33m<[39m div 
className [33m=[39m
[37m[41m[1m\[22m[4
9m[39m[32m"text-cent
er 
text-muted-foreground 
py-8\">[39m
 [90m 98 |[39m      
                      
 [33m<[39m 
[33mShield[39m 
className [33m=[39m
[37m[41m[1m\[22m[4
9m[39m[32m"w-12 
h-12 mx-auto mb-4 
opacity-50\" />[39m
 [90m 99 |[39m      
                      
     [33m<[39m p 
[33m>[39m 
[33mGeneral[39m 
examination fields 
will appear here[33m<
[39m[33m/[39m[33mp
[39m [33m>[39m[0m
Next.js build worker 
exited with code: 1 
and signal: null
