
> manager@0.1.0 build
> next build

node.exe : ΓÜá Warning: Next.js inferred 
your workspace root, but it may not be 
correct.
At line:1 char:1
+ & "C:\Program Files\nodejs/node.exe" 
"C:\Program Files\nodejs/node_mo ...
+ ~~~~~~~~~~~~~~~~~~~~~~~~~~~~~~~~~~~~~~~~~~
~~~~~~~~~~~~~~~~~~~~~~~~~~~
    + CategoryInfo          : NotSpecified: 
    (ΓÜá Warning: Ne...not be correct.:Str  
  ing) [], RemoteException
    + FullyQualifiedErrorId : NativeCommand 
   Error
 
 We detected multiple lockfiles and 
selected the directory of 
C:\Users\Dhivakaran\package-lock.json as 
the root directory.
 To silence this warning, set 
`turbopack.root` in your Next.js config, or 
consider removing one of the lockfiles if 
it's not needed.
   See https://nextjs.org/docs/app/api-refer
ence/config/next-config-js/turbopack#root-di
rectory for more information.
 Detected additional lockfiles: 
   * C:\Users\Dhivakaran\Desktop\CORE\NOBLE-
OS\package-lock.json

Γû▓ Next.js 16.1.6 (Turbopack)

  Creating an optimized production build ...
Γ£ô Compiled successfully in 14.4s
  Running TypeScript ...
Failed to compile.

./src/types/chronology.types.ts:232:55
Type error: No overload matches this call.
  Overload 1 of 3, '(callbackfn: 
(previousValue: OHIScore, currentValue: 
OHIScore, currentIndex: number, array: 
OHIScore[]) => OHIScore, initialValue: 
OHIScore): OHIScore', gave the following 
error.
    Type 'number' is not assignable to type 
'OHIScore'.
  Overload 2 of 3, '(callbackfn: 
(previousValue: OHIScore, currentValue: 
OHIScore, currentIndex: number, array: 
OHIScore[]) => OHIScore, initialValue: 
OHIScore): OHIScore', gave the following 
error.
    Type 'number' is not assignable to type 
'OHIScore'.

[0m [90m 230 |[39m     [36mconst[39m 
calculusValues [33m=[39m [33mObject[39m
[33m.[39mvalues(calculusScores)[33m;[39m
 [90m 231 |[39m
[31m[1m>[22m[39m[90m 232 |[39m     
[36mconst[39m debrisIndex [33m=[39m 
debrisValues[33m.[39mreduce((a[33m,[39m 
b) [33m=>[39m a [33m+[39m b[33m,[39m 
[35m0[39m) [33m/[39m 
debrisValues[33m.[39mlength[33m;[39m
 [90m     |[39m                           
                            
[31m[1m^[22m[39m
 [90m 233 |[39m     [36mconst[39m 
calculusIndex [33m=[39m calculusValues[33
m.[39mreduce((a[33m,[39m b) [33m=>[39m 
a [33m+[39m b[33m,[39m [35m0[39m) 
[33m/[39m 
calculusValues[33m.[39mlength[33m;[39m
 [90m 234 |[39m     [36mconst[39m 
ohisTotal [33m=[39m debrisIndex 
[33m+[39m calculusIndex[33m;[39m
 [90m 235 |[39m[0m
Next.js build worker exited with code: 1 
and signal: null
