
> manager@0.1.0 build
> next build

node.exe : ΓÜá 
Warning: Next.js 
inferred your 
workspace root, but 
it may not be correct.
At line:1 char:1
+ & "C:\Program Files\
nodejs/node.exe" 
"C:\Program 
Files\nodejs/node_mo 
...
+ ~~~~~~~~~~~~~~~~~~~~
~~~~~~~~~~~~~~~~~~~~~~
~~~~~~~~~~~~~~~~~~~~~~
~~~~~
    + CategoryInfo    
          : NotSpeci  
  fied: (ΓÜá Warnin   
 g: Ne...not be co    
rrect.:String) []    
, RemoteException
    + FullyQualifiedE 
   rrorId : NativeCo  
  mmandError
 
 We detected multiple 
lockfiles and 
selected the 
directory of C:\Users\
Dhivakaran\package-loc
k.json as the root 
directory.
 To silence this 
warning, set 
`turbopack.root` in 
your Next.js config, 
or consider removing 
one of the lockfiles 
if it's not needed.
   See https://nextjs.
org/docs/app/api-refer
ence/config/next-confi
g-js/turbopack#root-di
rectory for more 
information.
 Detected additional 
lockfiles: 
   * C:\Users\Dhivakar
an\Desktop\CORE\NOBLE-
OS\package-lock.json

Γû▓ Next.js 16.1.6 (Turbopack)

  Creating an optimized production build ...
Γ£ô Compiled successfully in 26.7s
  Running TypeScript ...
Failed to compile.

./src/components/clini
cal/cephalometric.tsx:
63:15
Type error: Type 
'boolean' is not 
assignable to type 
'string'.

[0m [90m 61 |[39m
 [90m 62 |[39m     
[36mreturn[39m (
[31m[1m>[22m[39m[
90m 63 |[39m         
[33m<[39m[33mCard[
39m className[33m=[3
9m[37m[41m[1m\[22m
[49m[39m[32m"p-6 
space-y-4\">[39m
 [90m    |[39m      
         
[31m[1m^[22m[39m
 [90m 64 |[39m      
       [33m<[39m 
div className [33m=[
39m[37m[41m[1m\[22
m[49m[39m[32m"flex 
items-center 
gap-2\">[39m
 [90m 65 |[39m      
           
[33m<[39m 
[33mSmile[39m 
className [33m=[39m
[37m[41m[1m\[22m[4
9m[39m[32m"w-5 h-5 
text-pink-500\" 
/>[39m
 [90m 66 |[39m      
               
[33m<[39m h3 
className [33m=[39m
[37m[41m[1m\[22m[4
9m[39m[32m"text-lg f
ont-semibold\">Cephalo
metric 
Analysis</h3>[39m[0m
Next.js build worker 
exited with code: 1 
and signal: null
