
> manager@0.1.0 build
> next build

node.exe : ΓÜá Warning: Next.js 
inferred your workspace root, but it 
may not be correct.
At line:1 char:1
+ & "C:\Program Files\nodejs/node.exe" 
"C:\Program Files\nodejs/node_mo ...
+ ~~~~~~~~~~~~~~~~~~~~~~~~~~~~~~~~~~~~~
~~~~~~~~~~~~~~~~~~~~~~~~~~~~~~~~
    + CategoryInfo          : NotSpeci 
   fied: (ΓÜá Warning: Ne...not be co  
  rrect.:String) [], RemoteException
    + FullyQualifiedErrorId : NativeCo 
   mmandError
 
 We detected multiple lockfiles and 
selected the directory of 
C:\Users\Dhivakaran\package-lock.json 
as the root directory.
 To silence this warning, set 
`turbopack.root` in your Next.js 
config, or consider removing one of 
the lockfiles if it's not needed.
   See https://nextjs.org/docs/app/api-
reference/config/next-config-js/turbopa
ck#root-directory for more information.
 Detected additional lockfiles: 
   * C:\Users\Dhivakaran\Desktop\CORE\N
OBLE-OS\package-lock.json

Γû▓ Next.js 16.1.6 (Turbopack)

  Creating an optimized production build ...
Γ£ô Compiled successfully in 19.8s
  Running TypeScript ...
Failed to compile.

./src/components/gestures/ios-gestures.
tsx:455:10
Type error: Type '{ children: 
ReactNode; disabled?: boolean | 
undefined; form?: string | undefined; 
formAction?: string | ((formData: 
FormData) => void | Promise<void>) | 
undefined; ... 287 more ...; onClick: 
(e: MouseEvent<...>) => void; }' is 
not assignable to type 
'Omit<HTMLMotionProps<"button">, 
"ref">'.
  Types of property 'onDrag' are 
incompatible.
    Type 
'DragEventHandler<HTMLButtonElement> | 
undefined' is not assignable to type 
'((event: MouseEvent | TouchEvent | 
PointerEvent, info: PanInfo) => void) 
| undefined'.
      Type 
'DragEventHandler<HTMLButtonElement>' 
is not assignable to type '(event: 
MouseEvent | TouchEvent | 
PointerEvent, info: PanInfo) => void'.
        Types of parameters 'event' 
and 'event' are incompatible.
          Type 'MouseEvent | 
TouchEvent | PointerEvent' is not 
assignable to type 
'DragEvent<HTMLButtonElement>'.
            Type 'MouseEvent' is 
missing the following properties from 
type 'DragEvent<HTMLButtonElement>': 
dataTransfer, nativeEvent, 
isDefaultPrevented, 
isPropagationStopped, persist

[0m [90m 453 |[39m
 [90m 454 |[39m     [36mreturn[39m 
(
[31m[1m>[22m[39m[90m 455 |[39m   
      [33m<[39m[33mmotion[39m[33m.
[39mbutton
 [90m     |[39m          
[31m[1m^[22m[39m
 [90m 456 |[39m             
className[33m=[39m{[32m`rounded-xl 
font-medium transition-colors 
${variants[variant]} ${sizes[size]} 
${className}`[39m}
 [90m 457 |[39m             
whileHover[33m=[39m{{ 
scale[33m:[39m [35m1.02[39m }}
 [90m 458 |[39m             
whileTap[33m=[39m{{ scale[33m:[39m 
[35m0.98[39m }}[0m
Next.js build worker exited with code: 
1 and signal: null
