
> manager@0.1.0 build
> next build

node.exe : ΓÜá Warning: Next.js inferred your workspace root, but it may not be 
correct.
At line:1 char:1
+ & "C:\Program Files\nodejs/node.exe" "C:\Program Files\nodejs/node_mo ...
+ ~~~~~~~~~~~~~~~~~~~~~~~~~~~~~~~~~~~~~~~~~~~~~~~~~~~~~~~~~~~~~~~~~~~~~
    + CategoryInfo          : NotSpecified: (ΓÜá Warning: Ne...not be correct.:S 
   tring) [], RemoteException
    + FullyQualifiedErrorId : NativeCommandError
 
 We detected multiple lockfiles and selected the directory of 
C:\Users\Dhivakaran\package-lock.json as the root directory.
 To silence this warning, set `turbopack.root` in your Next.js config, or 
consider removing one of the lockfiles if it's not needed.
   See https://nextjs.org/docs/app/api-reference/config/next-config-js/turbopack#
root-directory for more information.
 Detected additional lockfiles: 
   * C:\Users\Dhivakaran\Desktop\CORE\NOBLE-OS\package-lock.json

Γû▓ Next.js 16.1.6 (Turbopack)

  Creating an optimized production build ...
Γ£ô Compiled successfully in 22.6s
  Running TypeScript ...
  Collecting page data using 3 workers ...
  Generating static pages using 3 workers (0/3) ...
Γ£ô Generating static pages using 3 workers (3/3) in 137.4ms
  Finalizing page optimization ...

Route (app)
Γöî Γùï /_not-found
Γö£ ╞Æ /chair/[id]
Γö£ ╞Æ /dashboard
Γö£ ╞Æ /dashboard/analytics
Γö£ ╞Æ /dashboard/appointments
Γö£ ╞Æ /dashboard/billing
Γö£ ╞Æ /dashboard/clinical
Γö£ ╞Æ /dashboard/patients
Γö£ ╞Æ /dashboard/patients/[id]
Γö£ ╞Æ /dashboard/settings/staff
Γö£ ╞Æ /dashboard/settlement
Γöö ╞Æ /referral/[token]


Γùï  (Static)   prerendered as static content
╞Æ  (Dynamic)  server-rendered on demand

