
> manager@0.1.0 build
> next build

node.exe : ΓÜá Warning: Next.js 
inferred your workspace root, but it 
may not be correct.
At line:1 char:1
+ & "C:\Program Files\nodejs/node.exe" 
"C:\Program Files\nodejs/node_mo ...
+ ~~~~~~~~~~~~~~~~~~~~~~~~~~~~~~~~~~~~~
~~~~~~~~~~~~~~~~~~~~~~~~~~~~~~~~
    + CategoryInfo          : NotSpeci 
   fied: (ΓÜá Warning: Ne...not be co  
  rrect.:String) [], RemoteException
    + FullyQualifiedErrorId : NativeCo 
   mmandError
 
 We detected multiple lockfiles and 
selected the directory of 
C:\Users\Dhivakaran\package-lock.json 
as the root directory.
 To silence this warning, set 
`turbopack.root` in your Next.js 
config, or consider removing one of 
the lockfiles if it's not needed.
   See https://nextjs.org/docs/app/api-
reference/config/next-config-js/turbopa
ck#root-directory for more information.
 Detected additional lockfiles: 
   * C:\Users\Dhivakaran\Desktop\CORE\N
OBLE-OS\package-lock.json

Γû▓ Next.js 16.1.6 (Turbopack)

  Creating an optimized production build ...
Γ£ô Compiled successfully in 16.7s
  Running TypeScript ...
Failed to compile.

./src/lib/shadow-indexer.ts:10:5
Type error: Module 
'"@/types/clinical-indices.types"' has 
no exported member 'DMFTData'.

[0m [90m  8 |[39m     
classifyKennedy[33m,[39m
 [90m  9 |[39m     
calculateDMFT[33m,[39m
[31m[1m>[22m[39m[90m 10 |[39m    
 [33mDMFTData[39m
 [90m    |[39m     
[31m[1m^[22m[39m
 [90m 11 |[39m } [36mfrom[39m [32m
'@/types/clinical-indices.types'[39m[
33m;[39m
 [90m 12 |[39m
 [90m 13 |[39m [90m// ==============
=======================================
========================[39m[0m
Next.js build worker exited with code: 
1 and signal: null
