
> manager@0.1.0 build
> next build

node.exe : ΓÜá 
Warning: Next.js 
inferred your 
workspace root, but 
it may not be correct.
At line:1 char:1
+ & "C:\Program Files\
nodejs/node.exe" 
"C:\Program 
Files\nodejs/node_mo 
...
+ ~~~~~~~~~~~~~~~~~~~~
~~~~~~~~~~~~~~~~~~~~~~
~~~~~~~~~~~~~~~~~~~~~~
~~~~~
    + CategoryInfo    
          : NotSpeci  
  fied: (ΓÜá Warnin   
 g: Ne...not be co    
rrect.:String) []    
, RemoteException
    + FullyQualifiedE 
   rrorId : NativeCo  
  mmandError
 
 We detected multiple 
lockfiles and 
selected the 
directory of C:\Users\
Dhivakaran\package-loc
k.json as the root 
directory.
 To silence this 
warning, set 
`turbopack.root` in 
your Next.js config, 
or consider removing 
one of the lockfiles 
if it's not needed.
   See https://nextjs.
org/docs/app/api-refer
ence/config/next-confi
g-js/turbopack#root-di
rectory for more 
information.
 Detected additional 
lockfiles: 
   * C:\Users\Dhivakar
an\Desktop\CORE\NOBLE-
OS\package-lock.json

Γû▓ Next.js 16.1.6 (Turbopack)

  Creating an optimized production build ...
Γ£ô Compiled successfully in 41s
  Running TypeScript ...
Failed to compile.

./src/components/clini
cal/cephalometric.tsx:
151:29
Type error: 
Unexpected token. Did 
you mean `{'>'}` or 
`&gt;`?

[0m [90m 149 |[39m 
                    [
33m<[39m[33mli[39m
[33m>[39m[33mANB[39
m [35m0[39m[33m-[3
9m[35m2[39m┬░[33m:
[39m [33mClass[39m 
[33mIII[39m 
skeletal pattern[33m<
[39m[33m/[39m[33ml
i[39m[33m>[39m
 [90m 150 |[39m     
                [33m<
[39m[33mli[39m[33m
>[39m[33mANB[39m [
35m2[39m[33m-[39m[
35m4[39m┬░[33m:[39m
 [33mClass[39m 
[33mI[39m skeletal 
pattern (ideal)[33m<
[39m[33m/[39m[33mli
[39m[33m>[39m
[31m[1m>[22m[39m[
90m 151 |[39m        
             [33m<[3
9m[33mli[39m[33m>[
39m[33mANB[39m [33m
>[39m[35m4[39m┬░[3
3m:[39m 
[33mClass[39m 
[33mII[39m skeletal 
pattern[33m<[39m[33
m/[39m[33mli[39m[3
3m>[39m
 [90m     |[39m     
                      
  [31m[1m^[22m[39m
 [90m 152 |[39m     
            [33m<[39
m[33m/[39m[33mul[3
9m[33m>[39m
 [90m 153 |[39m     
        [33m<[39m[3
3m/[39m[33mdiv[39m
[33m>[39m
 [90m 154 |[39m[0m
Next.js build worker 
exited with code: 1 
and signal: null
