
> manager@0.1.0 build
> next build

node.exe : ΓÜá Warning: Next.js inferred your workspace root, but it may 
not be correct.
At line:1 char:1
+ & "C:\Program Files\nodejs/node.exe" "C:\Program Files\nodejs/node_mo ...
+ ~~~~~~~~~~~~~~~~~~~~~~~~~~~~~~~~~~~~~~~~~~~~~~~~~~~~~~~~~~~~~~~~~~~~~
    + CategoryInfo          : NotSpecified: (ΓÜá Warning: Ne...not be corre 
   ct.:String) [], RemoteException
    + FullyQualifiedErrorId : NativeCommandError
 
 We detected multiple lockfiles and selected the directory of 
C:\Users\Dhivakaran\package-lock.json as the root directory.
 To silence this warning, set `turbopack.root` in your Next.js config, or 
consider removing one of the lockfiles if it's not needed.
   See https://nextjs.org/docs/app/api-reference/config/next-config-js/turbo
pack#root-directory for more information.
 Detected additional lockfiles: 
   * C:\Users\Dhivakaran\Desktop\CORE\NOBLE-OS\package-lock.json

Γû▓ Next.js 16.1.6 (Turbopack)

  Creating an optimized production build ...
Γ£ô Compiled successfully in 19.2s
  Running TypeScript ...
Failed to compile.

./src/components/collaboration/referral-viewer.tsx:93:22
Type error: Cannot find name 'AlertTriangle'.

[0m [90m 91 |[39m             [33m<[39m[33mdiv[39m 
className[33m=[39m[32m"min-h-screen flex items-center justify-center 
bg-gradient-to-br from-red-50 to-orange-50 dark:from-slate-900 
dark:to-slate-800"[39m[33m>[39m
 [90m 92 |[39m                 [33m<[39m[33mCard[39m 
className[33m=[39m[32m"p-8 text-center max-w-md"[39m[33m>[39m
[31m[1m>[22m[39m[90m 93 |[39m                     
[33m<[39m[33mAlertTriangle[39m className[33m=[39m[32m"w-12 h-12 
mx-auto mb-4 text-red-500"[39m [33m/[39m[33m>[39m
 [90m    |[39m                      [31m[1m^[22m[39m
 [90m 94 |[39m                     [33m<[39m[33mh2[39m 
className[33m=[39m[32m"text-lg font-semibold text-red-800 
dark:text-red-200"[39m[33m>[39m
 [90m 95 |[39m                         [33mLink[39m [33mInvalid[39m 
or [33mExpired[39m
 [90m 96 |[39m                     
[33m<[39m[33m/[39m[33mh2[39m[33m>[39m[0m
Next.js build worker exited with code: 1 and signal: null
