
> manager@0.1.0 build
> next build

node.exe : ΓÜá 
Warning: Next.js 
inferred your 
workspace root, but 
it may not be correct.
At line:1 char:1
+ & "C:\Program Files\
nodejs/node.exe" 
"C:\Program 
Files\nodejs/node_mo 
...
+ ~~~~~~~~~~~~~~~~~~~~
~~~~~~~~~~~~~~~~~~~~~~
~~~~~~~~~~~~~~~~~~~~~~
~~~~~
    + CategoryInfo    
          : NotSpeci  
  fied: (ΓÜá Warnin   
 g: Ne...not be co    
rrect.:String) []    
, RemoteException
    + FullyQualifiedE 
   rrorId : NativeCo  
  mmandError
 
 We detected multiple 
lockfiles and 
selected the 
directory of C:\Users\
Dhivakaran\package-loc
k.json as the root 
directory.
 To silence this 
warning, set 
`turbopack.root` in 
your Next.js config, 
or consider removing 
one of the lockfiles 
if it's not needed.
   See https://nextjs.
org/docs/app/api-refer
ence/config/next-confi
g-js/turbopack#root-di
rectory for more 
information.
 Detected additional 
lockfiles: 
   * C:\Users\Dhivakar
an\Desktop\CORE\NOBLE-
OS\package-lock.json

Γû▓ Next.js 16.1.6 (Turbopack)

  Creating an optimized production build ...
Γ£ô Compiled successfully in 23.5s
  Running TypeScript ...
Failed to compile.

./src/components/analy
tics/business-oracle.t
sx:4:41
Type error: Cannot 
find module 
'framer-motion' or 
its corresponding 
type declarations.

[0m [90m 2 |[39m
 [90m 3 |[39m 
[36mimport[39m { 
useState } 
[36mfrom[39m [32m'r
eact'[39m[33m;[39m
[31m[1m>[22m[39m[
90m 4 |[39m 
[36mimport[39m { 
motion[33m,[39m [33
mAnimatePresence[39m 
} [36mfrom[39m [32m
'framer-motion'[39m[
33m;[39m
 [90m   |[39m       
                      
            
[31m[1m^[22m[39m
 [90m 5 |[39m 
[36mimport[39m { 
[33mCard[39m } 
[36mfrom[39m [32m'@
/components/ui/card'[
39m[33m;[39m
 [90m 6 |[39m 
[36mimport[39m { 
[33mButton[39m } 
[36mfrom[39m [32m'@
/components/ui/button'
[39m[33m;[39m
 [90m 7 |[39m 
[36mimport[39m { 
[33mBadge[39m } 
[36mfrom[39m [32m'@
/components/ui/badge'
[39m[33m;[39m[0m
Next.js build worker 
exited with code: 1 
and signal: null
