
> manager@0.1.0 build
> next build

node.exe : ΓÜá Warning: Next.js inferred 
your workspace root, but it may not be 
correct.
At line:1 char:1
+ & "C:\Program Files\nodejs/node.exe" 
"C:\Program Files\nodejs/node_mo ...
+ ~~~~~~~~~~~~~~~~~~~~~~~~~~~~~~~~~~~~~~~~~~
~~~~~~~~~~~~~~~~~~~~~~~~~~~
    + CategoryInfo          : NotSpecified: 
    (ΓÜá Warning: Ne...not be correct.:Str  
  ing) [], RemoteException
    + FullyQualifiedErrorId : NativeCommand 
   Error
 
 We detected multiple lockfiles and 
selected the directory of 
C:\Users\Dhivakaran\package-lock.json as 
the root directory.
 To silence this warning, set 
`turbopack.root` in your Next.js config, or 
consider removing one of the lockfiles if 
it's not needed.
   See https://nextjs.org/docs/app/api-refer
ence/config/next-config-js/turbopack#root-di
rectory for more information.
 Detected additional lockfiles: 
   * C:\Users\Dhivakaran\Desktop\CORE\NOBLE-
OS\package-lock.json

Γû▓ Next.js 16.1.6 (Turbopack)

  Creating an optimized production build ...
Γ£ô Compiled successfully in 21.8s
  Running TypeScript ...
Failed to compile.

./src/lib/natural-language-mapper.ts:136:85
Type error: Property 'd' does not exist on 
type 'DMFTResult'.

[0m [90m 134 |[39m             
actions[33m.[39mpush({
 [90m 135 |[39m                 
type[33m:[39m 
[32m'dmft_update'[39m[33m,[39m
[31m[1m>[22m[39m[90m 136 |[39m        
         description[33m:[39m [32m`DMFT 
updated to ${result.dmft.total} 
(D:${result.dmft.d} M:${result.dmft.m} 
F:${result.dmft.f})`[39m[33m,[39m
 [90m     |[39m                           
                                            
              [31m[1m^[22m[39m
 [90m 137 |[39m                 
data[33m:[39m result[33m.[39mdmft
 [90m 138 |[39m             })[33m;[39m
 [90m 139 |[39m         }[0m
Next.js build worker exited with code: 1 
and signal: null
