
> manager@0.1.0 build
> next build

node.exe : ΓÜá 
Warning: Next.js 
inferred your 
workspace root, but 
it may not be correct.
At line:1 char:1
+ & "C:\Program Files\
nodejs/node.exe" 
"C:\Program 
Files\nodejs/node_mo 
...
+ ~~~~~~~~~~~~~~~~~~~~
~~~~~~~~~~~~~~~~~~~~~~
~~~~~~~~~~~~~~~~~~~~~~
~~~~~
    + CategoryInfo    
          : NotSpeci  
  fied: (ΓÜá Warnin   
 g: Ne...not be co    
rrect.:String) []    
, RemoteException
    + FullyQualifiedE 
   rrorId : NativeCo  
  mmandError
 
 We detected multiple 
lockfiles and 
selected the 
directory of C:\Users\
Dhivakaran\package-loc
k.json as the root 
directory.
 To silence this 
warning, set 
`turbopack.root` in 
your Next.js config, 
or consider removing 
one of the lockfiles 
if it's not needed.
   See https://nextjs.
org/docs/app/api-refer
ence/config/next-confi
g-js/turbopack#root-di
rectory for more 
information.
 Detected additional 
lockfiles: 
   * C:\Users\Dhivakar
an\Desktop\CORE\NOBLE-
OS\package-lock.json

Γû▓ Next.js 16.1.6 (Turbopack)

  Creating an optimized production build ...
Γ£ô Compiled successfully in 19.0s
  Running TypeScript ...
Failed to compile.

./src/components/clini
cal/clinical-history.t
sx:74:14
Type error: Cannot 
find name 'Button'.

[0m [90m 72 |[39m  
           [33m<[39m
[33m/[39m[33mdiv[3
9m[33m>[39m
 [90m 73 |[39m
[31m[1m>[22m[39m[
90m 74 |[39m         
    [33m<[39m[33mBu
tton[39m variant[33m
=[39m[32m"ghost"[39
m className[33m=[39m
[32m"w-full text-xs 
text-indigo-600 
hover:text-indigo-700 
hover:bg-indigo-50"[3
9m[33m>[39m
 [90m    |[39m      
        
[31m[1m^[22m[39m
 [90m 75 |[39m      
           
[33mView[39m 
[33mAll[39m 
[33mRecords[39m
 [90m 76 |[39m      
           [33m<[39m
[33mChevronRight[39m
 className[33m=[39m
[32m"w-3 h-3 
ml-1"[39m 
[33m/[39m[33m>[39m
 [90m 77 |[39m      
       [33m<[39m[33
m/[39m[33mButton[39
m[33m>[39m[0m
Next.js build worker 
exited with code: 1 
and signal: null
