
> manager@0.1.0 build
> next build

node.exe : ΓÜá 
Warning: Next.js 
inferred your 
workspace root, but 
it may not be correct.
At line:1 char:1
+ & "C:\Program Files\
nodejs/node.exe" 
"C:\Program 
Files\nodejs/node_mo 
...
+ ~~~~~~~~~~~~~~~~~~~~
~~~~~~~~~~~~~~~~~~~~~~
~~~~~~~~~~~~~~~~~~~~~~
~~~~~
    + CategoryInfo    
          : NotSpeci  
  fied: (ΓÜá Warnin   
 g: Ne...not be co    
rrect.:String) []    
, RemoteException
    + FullyQualifiedE 
   rrorId : NativeCo  
  mmandError
 
 We detected multiple 
lockfiles and 
selected the 
directory of C:\Users\
Dhivakaran\package-loc
k.json as the root 
directory.
 To silence this 
warning, set 
`turbopack.root` in 
your Next.js config, 
or consider removing 
one of the lockfiles 
if it's not needed.
   See https://nextjs.
org/docs/app/api-refer
ence/config/next-confi
g-js/turbopack#root-di
rectory for more 
information.
 Detected additional 
lockfiles: 
   * C:\Users\Dhivakar
an\Desktop\CORE\NOBLE-
OS\package-lock.json

Γû▓ Next.js 16.1.6 (Turbopack)

  Creating an optimized production build ...
Γ£ô Compiled successfully in 19.6s
  Running TypeScript ...
Failed to compile.

./src/components/analy
tics/business-oracle.t
sx:8:26
Type error: Cannot 
find module '@/compone
nts/ui/progress' or 
its corresponding 
type declarations.

[0m [90m  6 |[39m 
[36mimport[39m { 
[33mButton[39m } 
[36mfrom[39m [32m'@
/components/ui/button'
[39m[33m;[39m
 [90m  7 |[39m 
[36mimport[39m { 
[33mBadge[39m } 
[36mfrom[39m [32m'@
/components/ui/badge'
[39m[33m;[39m
[31m[1m>[22m[39m[
90m  8 |[39m 
[36mimport[39m { 
[33mProgress[39m } 
[36mfrom[39m [32m'@
/components/ui/progres
s'[39m[33m;[39m
 [90m    |[39m      
                    
[31m[1m^[22m[39m
 [90m  9 |[39m 
[36mimport[39m {
 [90m 10 |[39m     
[33mTrendingUp[39m[3
3m,[39m [33mTrending
Down[39m[33m,[39m 
[33mAlertTriangle[39m
[33m,[39m [33mDolla
rSign[39m[33m,[39m
 [90m 11 |[39m     
[33mUsers[39m[33m,[
39m [33mTarget[39m[
33m,[39m [33mCalenda
r[39m[33m,[39m [33
mLightbulb[39m[33m,
[39m [33mArrowRight[
39m[33m,[39m[0m
Next.js build worker 
exited with code: 1 
and signal: null
