
> manager@0.1.0 build
> next build

node.exe : ΓÜá Warning: Next.js inferred 
your workspace root, but it may not be 
correct.
At line:1 char:1
+ & "C:\Program Files\nodejs/node.exe" 
"C:\Program Files\nodejs/node_mo ...
+ ~~~~~~~~~~~~~~~~~~~~~~~~~~~~~~~~~~~~~~~~~~
~~~~~~~~~~~~~~~~~~~~~~~~~~~
    + CategoryInfo          : NotSpecified: 
    (ΓÜá Warning: Ne...not be correct.:Str  
  ing) [], RemoteException
    + FullyQualifiedErrorId : NativeCommand 
   Error
 
 We detected multiple lockfiles and 
selected the directory of 
C:\Users\Dhivakaran\package-lock.json as 
the root directory.
 To silence this warning, set 
`turbopack.root` in your Next.js config, or 
consider removing one of the lockfiles if 
it's not needed.
   See https://nextjs.org/docs/app/api-refer
ence/config/next-config-js/turbopack#root-di
rectory for more information.
 Detected additional lockfiles: 
   * C:\Users\Dhivakaran\Desktop\CORE\NOBLE-
OS\package-lock.json

Γû▓ Next.js 16.1.6 (Turbopack)

  Creating an optimized production build ...
Γ£ô Compiled successfully in 17.5s
  Running TypeScript ...
Failed to compile.

./src/types/clinical-indices.types.ts:382:53
Type error: No overload matches this call.
  Overload 1 of 3, '(callbackfn: 
(previousValue: PlaquScore, currentValue: 
PlaquScore, currentIndex: number, array: 
PlaquScore[]) => PlaquScore, initialValue: 
PlaquScore): PlaquScore', gave the 
following error.
    Type 'number' is not assignable to type 
'PlaquScore'.
  Overload 2 of 3, '(callbackfn: 
(previousValue: PlaquScore, currentValue: 
PlaquScore, currentIndex: number, array: 
PlaquScore[]) => PlaquScore, initialValue: 
PlaquScore): PlaquScore', gave the 
following error.
    Type 'number' is not assignable to type 
'PlaquScore'.

[0m [90m 380 |[39m     
gingivalScores[33m:[39m 
[33mGingivalScore[39m[]
 [90m 381 |[39m )[33m:[39m 
[33mHygieneIndexResult[39m {
[31m[1m>[22m[39m[90m 382 |[39m     
[36mconst[39m avgPlaque [33m=[39m 
plaqueScores[33m.[39mreduce((a[33m,[39m 
b) [33m=>[39m a [33m+[39m b[33m,[39m 
[35m0[39m) [33m/[39m 
plaqueScores[33m.[39mlength[33m;[39m
 [90m     |[39m                           
                          
[31m[1m^[22m[39m
 [90m 383 |[39m     [36mconst[39m 
avgGingival [33m=[39m gingivalScores[33m.
[39mreduce((a[33m,[39m b) [33m=>[39m a 
[33m+[39m b[33m,[39m [35m0[39m) 
[33m/[39m 
gingivalScores[33m.[39mlength[33m;[39m
 [90m 384 |[39m
 [90m 385 |[39m     [90m// Full mouth 
plaque % = sites with plaque / total sites 
* 100[39m[0m
Next.js build worker exited with code: 1 
and signal: null
